<?xml version="1.0" encoding="UTF-8"?>
<testsuite xmlns:xsi="http://www.w3.org/2001/XMLSchema-instance" xsi:noNamespaceSchemaLocation="https://maven.apache.org/surefire/maven-surefire-plugin/xsd/surefire-test-report.xsd" name="UserCreationTests" time="2.679" tests="3" errors="0" skipped="0" failures="0">
  <properties>
[...]
</properties>
  <testcase name="registerDuplicateUser" classname="UserCreationTests" time="1.379"/>
  <testcase name="registerUserWithoutPassword" classname="UserCreationTests" time="0.126"/>
  <testcase name="registerNewUserSuccessfully" classname="UserCreationTests" time="1.168"/>
</testsuite>